Arguments: 
  C:\Program Files\nodejs\node.exe C:\Users\Ashik\AppData\Roaming\npm\node_modules\yarn\bin\yarn.js add vitest jsdom @testing-library/jest-dom -D

PATH: 
  C:\Windows\system32;C:\Windows;C:\Windows\System32\Wbem;C:\Windows\System32\WindowsPowerShell\v1.0\;C:\Windows\System32\OpenSSH\;C:\Program Files\Git\cmd;C:\ProgramData\chocolatey\bin;C:\Users\Ashik\AppData\Roaming\nvm;C:\Program Files\nodejs;C:\Users\Ashik\AppData\Local\Microsoft\WindowsApps\Scripts;C:\Program Files\Redis\;C:\Users\Ashik\AppData\Roaming\npm;C:\Users\Ashik\.console-ninja\.bin;C:\Users\Ashik\AppData\Local\Microsoft\WindowsApps;C:\Users\Ashik\AppData\Local\Programs\Microsoft VS Code\bin;C:\Users\Ashik\AppData\Roaming\npm;C:\Users\Ashik\AppData\Local\Programs\mongosh\;C:\Users\Ashik\AppData\Roaming\nvm;C:\Program Files\nodejs;C:\Users\Ashik\AppData\Local\Programs\oh-my-posh\bin

Yarn version: 
  1.22.19

Node version: 
  16.17.0

Platform: 
  win32 x64

Trace: 
  Error: EPERM: operation not permitted, unlink 'C:\WEB\NEXT_LEVEL_2\11_Testing_Titan\react-testing\node_modules\@esbuild\win32-x64\esbuild.exe'

npm manifest: 
  {
    "name": "react-testing",
    "private": true,
    "version": "0.0.0",
    "type": "module",
    "scripts": {
      "dev": "vite",
      "build": "tsc && vite build",
      "lint": "eslint . --ext ts,tsx --report-unused-disable-directives --max-warnings 0",
      "preview": "vite preview"
    },
    "dependencies": {
      "react": "^18.2.0",
      "react-dom": "^18.2.0"
    },
    "devDependencies": {
      "@types/react": "^18.2.15",
      "@types/react-dom": "^18.2.7",
      "@typescript-eslint/eslint-plugin": "^6.0.0",
      "@typescript-eslint/parser": "^6.0.0",
      "@vitejs/plugin-react-swc": "^3.3.2",
      "eslint": "^8.45.0",
      "eslint-plugin-react-hooks": "^4.6.0",
      "eslint-plugin-react-refresh": "^0.4.3",
      "typescript": "^5.0.2",
      "vite": "^4.4.5"
    }
  }

yarn manifest: 
  No manifest

Lockfile: 
  No lockfile
